[debug] [2022-08-25T11:36:54.167Z] ----------------------------------------------------------------------
[debug] [2022-08-25T11:36:54.171Z] Command:       C:\Program Files\nodejs\node.exe C:\Users\hp\AppData\Roaming\npm\node_modules\firebase-tools\lib\bin\firebase.js init
[debug] [2022-08-25T11:36:54.172Z] CLI Version:   11.8.0
[debug] [2022-08-25T11:36:54.172Z] Platform:      win32
[debug] [2022-08-25T11:36:54.172Z] Node Version:  v16.17.0
[debug] [2022-08-25T11:36:54.561Z] Time:          Thu Aug 25 2022 11:36:54 GMT+0000 (Coordinated Universal Time)
[debug] [2022-08-25T11:36:54.562Z] ----------------------------------------------------------------------
[debug] 
[debug] [2022-08-25T11:36:54.599Z] >>> [apiv2][query] GET https://firebase-public.firebaseio.com/cli.json [none]
[debug] [2022-08-25T11:36:54.631Z] > command requires scopes: ["email","openid","https://www.googleapis.com/auth/cloudplatformprojects.readonly","https://www.googleapis.com/auth/firebase","https://www.googleapis.com/auth/cloud-platform"]
[debug] [2022-08-25T11:36:54.631Z] > authorizing via signed-in user (shahidmmed@gmail.com)
[info] 
     ######## #### ########  ######## ########     ###     ######  ########
     ##        ##  ##     ## ##       ##     ##  ##   ##  ##       ##
     ######    ##  ########  ######   ########  #########  ######  ######
     ##        ##  ##    ##  ##       ##     ## ##     ##       ## ##
     ##       #### ##     ## ######## ########  ##     ##  ######  ########

You're about to initialize a Firebase project in this directory:

  C:\Users\hp\Documents\personal projects\chatapp

[debug] [2022-08-25T11:36:55.727Z] <<< [apiv2][status] GET https://firebase-public.firebaseio.com/cli.json 200
[debug] [2022-08-25T11:36:55.728Z] <<< [apiv2][body] GET https://firebase-public.firebaseio.com/cli.json {"cloudBuildErrorAfter":1594252800000,"cloudBuildWarnAfter":1590019200000,"defaultNode10After":1594252800000,"minVersion":"3.0.5","node8DeploysDisabledAfter":1613390400000,"node8RuntimeDisabledAfter":1615809600000,"node8WarnAfter":1600128000000}
